{"F:\\ai-test-platform\\ai-test-platform\\src\\lib\\ai\\mcp\\mcp-client.ts": {"path":"F:\\ai-test-platform\\ai-test-platform\\src\\lib\\ai\\mcp\\mcp-client.ts","statementMap":{"0":{"start":{"line":11,"column":4},"end":{"line":11,"column":null}},"1":{"start":{"line":10,"column":38},"end":{"line":10,"column":51}},"2":{"start":{"line":12,"column":4},"end":{"line":12,"column":null}},"3":{"start":{"line":9,"column":0},"end":{"line":9,"column":13}},"4":{"start":{"line":22,"column":22},"end":{"line":22,"column":39}},"5":{"start":{"line":25,"column":4},"end":{"line":25,"column":null}},"6":{"start":{"line":21,"column":0},"end":{"line":21,"column":13}},"7":{"start":{"line":37,"column":22},"end":{"line":37,"column":40}},"8":{"start":{"line":43,"column":4},"end":{"line":50,"column":5}},"9":{"start":{"line":44,"column":6},"end":{"line":44,"column":null}},"10":{"start":{"line":45,"column":11},"end":{"line":50,"column":5}},"11":{"start":{"line":47,"column":6},"end":{"line":47,"column":null}},"12":{"start":{"line":49,"column":6},"end":{"line":49,"column":null}},"13":{"start":{"line":53,"column":21},"end":{"line":53,"column":64}},"14":{"start":{"line":54,"column":4},"end":{"line":56,"column":5}},"15":{"start":{"line":55,"column":6},"end":{"line":55,"column":null}},"16":{"start":{"line":63,"column":4},"end":{"line":66,"column":5}},"17":{"start":{"line":64,"column":6},"end":{"line":64,"column":null}},"18":{"start":{"line":65,"column":6},"end":{"line":65,"column":null}},"19":{"start":{"line":73,"column":4},"end":{"line":75,"column":5}},"20":{"start":{"line":74,"column":6},"end":{"line":74,"column":null}},"21":{"start":{"line":76,"column":4},"end":{"line":76,"column":null}},"22":{"start":{"line":83,"column":21},"end":{"line":83,"column":62}},"23":{"start":{"line":84,"column":4},"end":{"line":86,"column":5}},"24":{"start":{"line":85,"column":6},"end":{"line":85,"column":null}},"25":{"start":{"line":87,"column":4},"end":{"line":87,"column":null}},"26":{"start":{"line":94,"column":21},"end":{"line":97,"column":6}},"27":{"start":{"line":98,"column":4},"end":{"line":100,"column":5}},"28":{"start":{"line":99,"column":6},"end":{"line":99,"column":null}},"29":{"start":{"line":101,"column":4},"end":{"line":101,"column":null}},"30":{"start":{"line":108,"column":21},"end":{"line":111,"column":6}},"31":{"start":{"line":112,"column":4},"end":{"line":114,"column":5}},"32":{"start":{"line":113,"column":6},"end":{"line":113,"column":null}},"33":{"start":{"line":115,"column":4},"end":{"line":115,"column":null}},"34":{"start":{"line":122,"column":4},"end":{"line":122,"column":null}},"35":{"start":{"line":129,"column":4},"end":{"line":129,"column":null}},"36":{"start":{"line":33,"column":0},"end":{"line":33,"column":13}}},"fnMap":{"0":{"name":"(anonymous_0)","decl":{"start":{"line":10,"column":2},"end":{"line":10,"column":14}},"loc":{"start":{"line":10,"column":51},"end":{"line":13,"column":3}}},"1":{"name":"(anonymous_1)","decl":{"start":{"line":22,"column":2},"end":{"line":22,"column":22}},"loc":{"start":{"line":22,"column":39},"end":{"line":22,"column":43}}},"2":{"name":"(anonymous_2)","decl":{"start":{"line":24,"column":2},"end":{"line":24,"column":7}},"loc":{"start":{"line":24,"column":32},"end":{"line":26,"column":3}}},"3":{"name":"(anonymous_3)","decl":{"start":{"line":28,"column":2},"end":{"line":28,"column":7}},"loc":{"start":{"line":28,"column":13},"end":{"line":30,"column":3}}},"4":{"name":"(anonymous_4)","decl":{"start":{"line":37,"column":2},"end":{"line":37,"column":22}},"loc":{"start":{"line":37,"column":40},"end":{"line":37,"column":44}}},"5":{"name":"(anonymous_5)","decl":{"start":{"line":42,"column":2},"end":{"line":42,"column":7}},"loc":{"start":{"line":42,"column":34},"end":{"line":57,"column":3}}},"6":{"name":"(anonymous_6)","decl":{"start":{"line":62,"column":2},"end":{"line":62,"column":7}},"loc":{"start":{"line":62,"column":18},"end":{"line":67,"column":3}}},"7":{"name":"(anonymous_7)","decl":{"start":{"line":72,"column":10},"end":{"line":72,"column":15}},"loc":{"start":{"line":72,"column":40},"end":{"line":77,"column":3}}},"8":{"name":"(anonymous_8)","decl":{"start":{"line":82,"column":2},"end":{"line":82,"column":7}},"loc":{"start":{"line":82,"column":21},"end":{"line":88,"column":3}}},"9":{"name":"(anonymous_9)","decl":{"start":{"line":93,"column":2},"end":{"line":93,"column":7}},"loc":{"start":{"line":93,"column":63},"end":{"line":102,"column":3}}},"10":{"name":"(anonymous_10)","decl":{"start":{"line":107,"column":2},"end":{"line":107,"column":7}},"loc":{"start":{"line":107,"column":32},"end":{"line":116,"column":3}}},"11":{"name":"(anonymous_11)","decl":{"start":{"line":121,"column":2},"end":{"line":121,"column":17}},"loc":{"start":{"line":121,"column":17},"end":{"line":123,"column":3}}},"12":{"name":"(anonymous_12)","decl":{"start":{"line":128,"column":2},"end":{"line":128,"column":13}},"loc":{"start":{"line":128,"column":13},"end":{"line":130,"column":3}}}},"branchMap":{"0":{"loc":{"start":{"line":43,"column":4},"end":{"line":50,"column":5}},"type":"if","locations":[{"start":{"line":43,"column":4},"end":{"line":50,"column":5}},{"start":{"line":45,"column":11},"end":{"line":50,"column":5}}]},"1":{"loc":{"start":{"line":45,"column":11},"end":{"line":50,"column":5}},"type":"if","locations":[{"start":{"line":45,"column":11},"end":{"line":50,"column":5}},{"start":{"line":48,"column":11},"end":{"line":50,"column":5}}]},"2":{"loc":{"start":{"line":54,"column":4},"end":{"line":56,"column":5}},"type":"if","locations":[{"start":{"line":54,"column":4},"end":{"line":56,"column":5}},{"start":{},"end":{}}]},"3":{"loc":{"start":{"line":63,"column":4},"end":{"line":66,"column":5}},"type":"if","locations":[{"start":{"line":63,"column":4},"end":{"line":66,"column":5}},{"start":{},"end":{}}]},"4":{"loc":{"start":{"line":73,"column":4},"end":{"line":75,"column":5}},"type":"if","locations":[{"start":{"line":73,"column":4},"end":{"line":75,"column":5}},{"start":{},"end":{}}]},"5":{"loc":{"start":{"line":84,"column":4},"end":{"line":86,"column":5}},"type":"if","locations":[{"start":{"line":84,"column":4},"end":{"line":86,"column":5}},{"start":{},"end":{}}]},"6":{"loc":{"start":{"line":85,"column":25},"end":{"line":85,"column":69}},"type":"binary-expr","locations":[{"start":{"line":85,"column":25},"end":{"line":85,"column":39}},{"start":{"line":85,"column":43},"end":{"line":85,"column":69}}]},"7":{"loc":{"start":{"line":98,"column":4},"end":{"line":100,"column":5}},"type":"if","locations":[{"start":{"line":98,"column":4},"end":{"line":100,"column":5}},{"start":{},"end":{}}]},"8":{"loc":{"start":{"line":99,"column":25},"end":{"line":99,"column":73}},"type":"binary-expr","locations":[{"start":{"line":99,"column":25},"end":{"line":99,"column":39}},{"start":{"line":99,"column":43},"end":{"line":99,"column":73}}]},"9":{"loc":{"start":{"line":112,"column":4},"end":{"line":114,"column":5}},"type":"if","locations":[{"start":{"line":112,"column":4},"end":{"line":114,"column":5}},{"start":{},"end":{}}]},"10":{"loc":{"start":{"line":113,"column":25},"end":{"line":113,"column":76}},"type":"binary-expr","locations":[{"start":{"line":113,"column":25},"end":{"line":113,"column":39}},{"start":{"line":113,"column":43},"end":{"line":113,"column":76}}]}},"s":{"0":1,"1":1,"2":1,"3":1,"4":4,"5":6,"6":1,"7":5,"8":4,"9":4,"10":0,"11":0,"12":0,"13":4,"14":4,"15":4,"16":1,"17":1,"18":1,"19":7,"20":1,"21":6,"22":2,"23":1,"24":0,"25":1,"26":1,"27":1,"28":0,"29":1,"30":0,"31":0,"32":0,"33":0,"34":0,"35":3,"36":1},"f":{"0":1,"1":4,"2":6,"3":1,"4":5,"5":4,"6":1,"7":7,"8":2,"9":1,"10":0,"11":0,"12":3},"b":{"0":[4,0],"1":[0,0],"2":[4,0],"3":[1,0],"4":[1,6],"5":[0,1],"6":[0,0],"7":[0,1],"8":[0,0],"9":[0,0],"10":[0,0]}}
,"F:\\ai-test-platform\\ai-test-platform\\src\\lib\\ai\\mcp\\mcp-server.ts": {"path":"F:\\ai-test-platform\\ai-test-platform\\src\\lib\\ai\\mcp\\mcp-server.ts","statementMap":{"0":{"start":{"line":33,"column":40},"end":{"line":33,"column":49}},"1":{"start":{"line":34,"column":48},"end":{"line":34,"column":57}},"2":{"start":{"line":40,"column":4},"end":{"line":40,"column":null}},"3":{"start":{"line":47,"column":4},"end":{"line":47,"column":null}},"4":{"start":{"line":54,"column":4},"end":{"line":54,"column":null}},"5":{"start":{"line":61,"column":4},"end":{"line":61,"column":null}},"6":{"start":{"line":68,"column":4},"end":{"line":68,"column":null}},"7":{"start":{"line":75,"column":4},"end":{"line":131,"column":5}},"8":{"start":{"line":76,"column":6},"end":{"line":125,"column":7}},"9":{"start":{"line":78,"column":10},"end":{"line":81,"column":null}},"10":{"start":{"line":84,"column":10},"end":{"line":91,"column":null}},"11":{"start":{"line":86,"column":46},"end":{"line":90,"column":14}},"12":{"start":{"line":94,"column":35},"end":{"line":94,"column":55}},"13":{"start":{"line":95,"column":23},"end":{"line":95,"column":53}},"14":{"start":{"line":96,"column":10},"end":{"line":98,"column":11}},"15":{"start":{"line":97,"column":12},"end":{"line":97,"column":null}},"16":{"start":{"line":99,"column":25},"end":{"line":99,"column":78}},"17":{"start":{"line":100,"column":10},"end":{"line":100,"column":null}},"18":{"start":{"line":104,"column":10},"end":{"line":111,"column":null}},"19":{"start":{"line":106,"column":50},"end":{"line":110,"column":14}},"20":{"start":{"line":114,"column":26},"end":{"line":114,"column":46}},"21":{"start":{"line":115,"column":27},"end":{"line":115,"column":60}},"22":{"start":{"line":116,"column":10},"end":{"line":118,"column":11}},"23":{"start":{"line":117,"column":12},"end":{"line":117,"column":null}},"24":{"start":{"line":119,"column":23},"end":{"line":119,"column":47}},"25":{"start":{"line":120,"column":10},"end":{"line":120,"column":null}},"26":{"start":{"line":124,"column":10},"end":{"line":124,"column":null}},"27":{"start":{"line":127,"column":6},"end":{"line":130,"column":null}},"28":{"start":{"line":138,"column":4},"end":{"line":141,"column":null}},"29":{"start":{"line":32,"column":0},"end":{"line":32,"column":13}}},"fnMap":{"0":{"name":"(anonymous_0)","decl":{"start":{"line":39,"column":2},"end":{"line":39,"column":14}},"loc":{"start":{"line":39,"column":28},"end":{"line":41,"column":3}}},"1":{"name":"(anonymous_1)","decl":{"start":{"line":46,"column":2},"end":{"line":46,"column":16}},"loc":{"start":{"line":46,"column":29},"end":{"line":48,"column":3}}},"2":{"name":"(anonymous_2)","decl":{"start":{"line":53,"column":2},"end":{"line":53,"column":10}},"loc":{"start":{"line":53,"column":10},"end":{"line":55,"column":3}}},"3":{"name":"(anonymous_3)","decl":{"start":{"line":60,"column":2},"end":{"line":60,"column":18}},"loc":{"start":{"line":60,"column":40},"end":{"line":62,"column":3}}},"4":{"name":"(anonymous_4)","decl":{"start":{"line":67,"column":2},"end":{"line":67,"column":14}},"loc":{"start":{"line":67,"column":14},"end":{"line":69,"column":3}}},"5":{"name":"(anonymous_5)","decl":{"start":{"line":74,"column":2},"end":{"line":74,"column":7}},"loc":{"start":{"line":74,"column":41},"end":{"line":132,"column":3}}},"6":{"name":"(anonymous_6)","decl":{"start":{"line":86,"column":38},"end":{"line":86,"column":39}},"loc":{"start":{"line":86,"column":46},"end":{"line":90,"column":14}}},"7":{"name":"(anonymous_7)","decl":{"start":{"line":106,"column":42},"end":{"line":106,"column":43}},"loc":{"start":{"line":106,"column":50},"end":{"line":110,"column":14}}},"8":{"name":"(anonymous_8)","decl":{"start":{"line":137,"column":2},"end":{"line":137,"column":17}},"loc":{"start":{"line":137,"column":17},"end":{"line":142,"column":3}}}},"branchMap":{"0":{"loc":{"start":{"line":76,"column":6},"end":{"line":125,"column":7}},"type":"switch","locations":[{"start":{"line":77,"column":8},"end":{"line":81,"column":null}},{"start":{"line":83,"column":8},"end":{"line":91,"column":null}},{"start":{"line":93,"column":8},"end":{"line":101,"column":9}},{"start":{"line":103,"column":8},"end":{"line":111,"column":null}},{"start":{"line":113,"column":8},"end":{"line":121,"column":9}},{"start":{"line":123,"column":8},"end":{"line":124,"column":null}}]},"1":{"loc":{"start":{"line":94,"column":35},"end":{"line":94,"column":55}},"type":"binary-expr","locations":[{"start":{"line":94,"column":35},"end":{"line":94,"column":49}},{"start":{"line":94,"column":53},"end":{"line":94,"column":55}}]},"2":{"loc":{"start":{"line":96,"column":10},"end":{"line":98,"column":11}},"type":"if","locations":[{"start":{"line":96,"column":10},"end":{"line":98,"column":11}},{"start":{},"end":{}}]},"3":{"loc":{"start":{"line":114,"column":26},"end":{"line":114,"column":46}},"type":"binary-expr","locations":[{"start":{"line":114,"column":26},"end":{"line":114,"column":40}},{"start":{"line":114,"column":44},"end":{"line":114,"column":46}}]},"4":{"loc":{"start":{"line":116,"column":10},"end":{"line":118,"column":11}},"type":"if","locations":[{"start":{"line":116,"column":10},"end":{"line":118,"column":11}},{"start":{},"end":{}}]},"5":{"loc":{"start":{"line":129,"column":15},"end":{"line":129,"column":71}},"type":"cond-expr","locations":[{"start":{"line":129,"column":40},"end":{"line":129,"column":53}},{"start":{"line":129,"column":56},"end":{"line":129,"column":71}}]}},"s":{"0":15,"1":15,"2":6,"3":1,"4":5,"5":3,"6":2,"7":12,"8":12,"9":4,"10":2,"11":2,"12":3,"13":3,"14":3,"15":1,"16":2,"17":2,"18":1,"19":1,"20":1,"21":1,"22":1,"23":0,"24":1,"25":1,"26":1,"27":0,"28":5,"29":1},"f":{"0":6,"1":1,"2":5,"3":3,"4":2,"5":12,"6":2,"7":1,"8":5},"b":{"0":[4,2,3,1,1,1],"1":[3,0],"2":[1,2],"3":[1,0],"4":[0,1],"5":[0,0]}}
,"F:\\ai-test-platform\\ai-test-platform\\src\\lib\\ai\\mcp\\tools\\browser-tool.ts": {"path":"F:\\ai-test-platform\\ai-test-platform\\src\\lib\\ai\\mcp\\tools\\browser-tool.ts","statementMap":{"0":{"start":{"line":1,"column":0},"end":{"line":1,"column":69}},"1":{"start":{"line":11,"column":36},"end":{"line":11,"column":40}},"2":{"start":{"line":12,"column":43},"end":{"line":12,"column":47}},"3":{"start":{"line":13,"column":30},"end":{"line":13,"column":34}},"4":{"start":{"line":17,"column":4},"end":{"line":17,"column":29}},"5":{"start":{"line":21,"column":4},"end":{"line":28,"column":5}},"6":{"start":{"line":22,"column":6},"end":{"line":22,"column":72}},"7":{"start":{"line":23,"column":6},"end":{"line":23,"column":95}},"8":{"start":{"line":24,"column":6},"end":{"line":24,"column":47}},"9":{"start":{"line":25,"column":6},"end":{"line":25,"column":31}},"10":{"start":{"line":27,"column":6},"end":{"line":27,"column":95}},"11":{"start":{"line":32,"column":4},"end":{"line":32,"column":80}},"12":{"start":{"line":32,"column":20},"end":{"line":32,"column":80}},"13":{"start":{"line":33,"column":4},"end":{"line":38,"column":5}},"14":{"start":{"line":34,"column":6},"end":{"line":34,"column":77}},"15":{"start":{"line":35,"column":6},"end":{"line":35,"column":95}},"16":{"start":{"line":37,"column":6},"end":{"line":37,"column":95}},"17":{"start":{"line":42,"column":4},"end":{"line":42,"column":80}},"18":{"start":{"line":42,"column":20},"end":{"line":42,"column":80}},"19":{"start":{"line":43,"column":4},"end":{"line":48,"column":5}},"20":{"start":{"line":44,"column":6},"end":{"line":44,"column":77}},"21":{"start":{"line":45,"column":6},"end":{"line":45,"column":31}},"22":{"start":{"line":47,"column":6},"end":{"line":47,"column":95}},"23":{"start":{"line":52,"column":4},"end":{"line":52,"column":80}},"24":{"start":{"line":52,"column":20},"end":{"line":52,"column":80}},"25":{"start":{"line":53,"column":4},"end":{"line":58,"column":5}},"26":{"start":{"line":54,"column":6},"end":{"line":54,"column":83}},"27":{"start":{"line":55,"column":6},"end":{"line":55,"column":31}},"28":{"start":{"line":57,"column":6},"end":{"line":57,"column":95}},"29":{"start":{"line":62,"column":4},"end":{"line":62,"column":80}},"30":{"start":{"line":62,"column":20},"end":{"line":62,"column":80}},"31":{"start":{"line":63,"column":4},"end":{"line":74,"column":5}},"32":{"start":{"line":65,"column":6},"end":{"line":69,"column":7}},"33":{"start":{"line":66,"column":8},"end":{"line":66,"column":80}},"34":{"start":{"line":68,"column":8},"end":{"line":68,"column":77}},"35":{"start":{"line":70,"column":21},"end":{"line":70,"column":46}},"36":{"start":{"line":71,"column":6},"end":{"line":71,"column":81}},"37":{"start":{"line":73,"column":6},"end":{"line":73,"column":95}},"38":{"start":{"line":78,"column":4},"end":{"line":78,"column":80}},"39":{"start":{"line":78,"column":20},"end":{"line":78,"column":80}},"40":{"start":{"line":79,"column":4},"end":{"line":90,"column":5}},"41":{"start":{"line":80,"column":19},"end":{"line":80,"column":42}},"42":{"start":{"line":82,"column":6},"end":{"line":86,"column":7}},"43":{"start":{"line":83,"column":8},"end":{"line":83,"column":44}},"44":{"start":{"line":85,"column":8},"end":{"line":85,"column":74}},"45":{"start":{"line":85,"column":49},"end":{"line":85,"column":72}},"46":{"start":{"line":87,"column":6},"end":{"line":87,"column":56}},"47":{"start":{"line":89,"column":6},"end":{"line":89,"column":95}},"48":{"start":{"line":94,"column":4},"end":{"line":100,"column":5}},"49":{"start":{"line":95,"column":6},"end":{"line":95,"column":51}},"50":{"start":{"line":95,"column":24},"end":{"line":95,"column":51}},"51":{"start":{"line":96,"column":6},"end":{"line":96,"column":26}},"52":{"start":{"line":96,"column":27},"end":{"line":96,"column":47}},"53":{"start":{"line":96,"column":48},"end":{"line":96,"column":65}},"54":{"start":{"line":97,"column":6},"end":{"line":97,"column":31}},"55":{"start":{"line":99,"column":6},"end":{"line":99,"column":95}},"56":{"start":{"line":103,"column":29},"end":{"line":103,"column":80}},"57":{"start":{"line":10,"column":0},"end":{"line":10,"column":13}}},"fnMap":{"0":{"name":"(anonymous_0)","decl":{"start":{"line":16,"column":2},"end":{"line":16,"column":14}},"loc":{"start":{"line":16,"column":38},"end":{"line":18,"column":3}}},"1":{"name":"(anonymous_1)","decl":{"start":{"line":20,"column":2},"end":{"line":20,"column":7}},"loc":{"start":{"line":20,"column":18},"end":{"line":29,"column":3}}},"2":{"name":"(anonymous_2)","decl":{"start":{"line":31,"column":2},"end":{"line":31,"column":7}},"loc":{"start":{"line":31,"column":106},"end":{"line":39,"column":3}}},"3":{"name":"(anonymous_3)","decl":{"start":{"line":41,"column":2},"end":{"line":41,"column":7}},"loc":{"start":{"line":41,"column":62},"end":{"line":49,"column":3}}},"4":{"name":"(anonymous_4)","decl":{"start":{"line":51,"column":2},"end":{"line":51,"column":7}},"loc":{"start":{"line":51,"column":76},"end":{"line":59,"column":3}}},"5":{"name":"(anonymous_5)","decl":{"start":{"line":61,"column":2},"end":{"line":61,"column":7}},"loc":{"start":{"line":61,"column":70},"end":{"line":75,"column":3}}},"6":{"name":"(anonymous_6)","decl":{"start":{"line":77,"column":2},"end":{"line":77,"column":7}},"loc":{"start":{"line":77,"column":41},"end":{"line":91,"column":3}}},"7":{"name":"(anonymous_7)","decl":{"start":{"line":85,"column":43},"end":{"line":85,"column":46}},"loc":{"start":{"line":85,"column":49},"end":{"line":85,"column":72}}},"8":{"name":"(anonymous_8)","decl":{"start":{"line":93,"column":2},"end":{"line":93,"column":7}},"loc":{"start":{"line":93,"column":13},"end":{"line":101,"column":3}}},"9":{"name":"(anonymous_9)","decl":{"start":{"line":103,"column":2},"end":{"line":103,"column":15}},"loc":{"start":{"line":103,"column":15},"end":{"line":103,"column":82}}}},"branchMap":{"0":{"loc":{"start":{"line":16,"column":14},"end":{"line":16,"column":38}},"type":"default-arg","locations":[{"start":{"line":16,"column":34},"end":{"line":16,"column":38}}]},"1":{"loc":{"start":{"line":27,"column":38},"end":{"line":27,"column":92}},"type":"cond-expr","locations":[{"start":{"line":27,"column":63},"end":{"line":27,"column":76}},{"start":{"line":27,"column":79},"end":{"line":27,"column":92}}]},"2":{"loc":{"start":{"line":32,"column":4},"end":{"line":32,"column":80}},"type":"if","locations":[{"start":{"line":32,"column":4},"end":{"line":32,"column":80}},{"start":{},"end":{}}]},"3":{"loc":{"start":{"line":34,"column":45},"end":{"line":34,"column":73}},"type":"binary-expr","locations":[{"start":{"line":34,"column":45},"end":{"line":34,"column":63}},{"start":{"line":34,"column":67},"end":{"line":34,"column":73}}]},"4":{"loc":{"start":{"line":37,"column":38},"end":{"line":37,"column":92}},"type":"cond-expr","locations":[{"start":{"line":37,"column":63},"end":{"line":37,"column":76}},{"start":{"line":37,"column":79},"end":{"line":37,"column":92}}]},"5":{"loc":{"start":{"line":42,"column":4},"end":{"line":42,"column":80}},"type":"if","locations":[{"start":{"line":42,"column":4},"end":{"line":42,"column":80}},{"start":{},"end":{}}]},"6":{"loc":{"start":{"line":44,"column":49},"end":{"line":44,"column":73}},"type":"binary-expr","locations":[{"start":{"line":44,"column":49},"end":{"line":44,"column":65}},{"start":{"line":44,"column":69},"end":{"line":44,"column":73}}]},"7":{"loc":{"start":{"line":47,"column":38},"end":{"line":47,"column":92}},"type":"cond-expr","locations":[{"start":{"line":47,"column":63},"end":{"line":47,"column":76}},{"start":{"line":47,"column":79},"end":{"line":47,"column":92}}]},"8":{"loc":{"start":{"line":52,"column":4},"end":{"line":52,"column":80}},"type":"if","locations":[{"start":{"line":52,"column":4},"end":{"line":52,"column":80}},{"start":{},"end":{}}]},"9":{"loc":{"start":{"line":54,"column":55},"end":{"line":54,"column":79}},"type":"binary-expr","locations":[{"start":{"line":54,"column":55},"end":{"line":54,"column":71}},{"start":{"line":54,"column":75},"end":{"line":54,"column":79}}]},"10":{"loc":{"start":{"line":57,"column":38},"end":{"line":57,"column":92}},"type":"cond-expr","locations":[{"start":{"line":57,"column":63},"end":{"line":57,"column":76}},{"start":{"line":57,"column":79},"end":{"line":57,"column":92}}]},"11":{"loc":{"start":{"line":62,"column":4},"end":{"line":62,"column":80}},"type":"if","locations":[{"start":{"line":62,"column":4},"end":{"line":62,"column":80}},{"start":{},"end":{}}]},"12":{"loc":{"start":{"line":65,"column":6},"end":{"line":69,"column":7}},"type":"if","locations":[{"start":{"line":65,"column":6},"end":{"line":69,"column":7}},{"start":{"line":67,"column":13},"end":{"line":69,"column":7}}]},"13":{"loc":{"start":{"line":73,"column":38},"end":{"line":73,"column":92}},"type":"cond-expr","locations":[{"start":{"line":73,"column":63},"end":{"line":73,"column":76}},{"start":{"line":73,"column":79},"end":{"line":73,"column":92}}]},"14":{"loc":{"start":{"line":78,"column":4},"end":{"line":78,"column":80}},"type":"if","locations":[{"start":{"line":78,"column":4},"end":{"line":78,"column":80}},{"start":{},"end":{}}]},"15":{"loc":{"start":{"line":80,"column":19},"end":{"line":80,"column":42}},"type":"binary-expr","locations":[{"start":{"line":80,"column":19},"end":{"line":80,"column":32}},{"start":{"line":80,"column":36},"end":{"line":80,"column":42}}]},"16":{"loc":{"start":{"line":82,"column":6},"end":{"line":86,"column":7}},"type":"if","locations":[{"start":{"line":82,"column":6},"end":{"line":86,"column":7}},{"start":{"line":84,"column":13},"end":{"line":86,"column":7}}]},"17":{"loc":{"start":{"line":89,"column":38},"end":{"line":89,"column":92}},"type":"cond-expr","locations":[{"start":{"line":89,"column":63},"end":{"line":89,"column":76}},{"start":{"line":89,"column":79},"end":{"line":89,"column":92}}]},"18":{"loc":{"start":{"line":95,"column":6},"end":{"line":95,"column":51}},"type":"if","locations":[{"start":{"line":95,"column":6},"end":{"line":95,"column":51}},{"start":{},"end":{}}]},"19":{"loc":{"start":{"line":99,"column":38},"end":{"line":99,"column":92}},"type":"cond-expr","locations":[{"start":{"line":99,"column":63},"end":{"line":99,"column":76}},{"start":{"line":99,"column":79},"end":{"line":99,"column":92}}]},"20":{"loc":{"start":{"line":103,"column":36},"end":{"line":103,"column":79}},"type":"binary-expr","locations":[{"start":{"line":103,"column":36},"end":{"line":103,"column":54}},{"start":{"line":103,"column":58},"end":{"line":103,"column":79}}]}},"s":{"0":1,"1":9,"2":9,"3":9,"4":9,"5":8,"6":8,"7":8,"8":8,"9":8,"10":0,"11":2,"12":1,"13":1,"14":1,"15":1,"16":0,"17":1,"18":0,"19":1,"20":1,"21":1,"22":0,"23":1,"24":0,"25":1,"26":1,"27":1,"28":0,"29":1,"30":0,"31":1,"32":1,"33":0,"34":1,"35":1,"36":1,"37":0,"38":2,"39":0,"40":2,"41":2,"42":2,"43":1,"44":1,"45":0,"46":2,"47":0,"48":10,"49":10,"50":8,"51":10,"52":10,"53":10,"54":10,"55":0,"56":1,"57":1},"f":{"0":9,"1":8,"2":2,"3":1,"4":1,"5":1,"6":2,"7":0,"8":10,"9":1},"b":{"0":[0],"1":[0,0],"2":[1,1],"3":[1,1],"4":[0,0],"5":[0,1],"6":[1,1],"7":[0,0],"8":[0,1],"9":[1,1],"10":[0,0],"11":[0,1],"12":[0,1],"13":[0,0],"14":[0,2],"15":[2,1],"16":[1,1],"17":[0,0],"18":[8,2],"19":[0,0],"20":[1,1]}}
,"F:\\ai-test-platform\\ai-test-platform\\src\\lib\\ai\\queue\\queue-service.ts": {"path":"F:\\ai-test-platform\\ai-test-platform\\src\\lib\\ai\\queue\\queue-service.ts","statementMap":{"0":{"start":{"line":39,"column":45},"end":{"line":39,"column":54}},"1":{"start":{"line":40,"column":47},"end":{"line":40,"column":56}},"2":{"start":{"line":41,"column":45},"end":{"line":41,"column":54}},"3":{"start":{"line":47,"column":4},"end":{"line":47,"column":null}},"4":{"start":{"line":48,"column":4},"end":{"line":50,"column":5}},"5":{"start":{"line":49,"column":6},"end":{"line":49,"column":null}},"6":{"start":{"line":57,"column":18},"end":{"line":57,"column":50}},"7":{"start":{"line":58,"column":28},"end":{"line":63,"column":null}},"8":{"start":{"line":64,"column":4},"end":{"line":64,"column":null}},"9":{"start":{"line":65,"column":4},"end":{"line":65,"column":null}},"10":{"start":{"line":68,"column":4},"end":{"line":68,"column":null}},"11":{"start":{"line":70,"column":4},"end":{"line":70,"column":null}},"12":{"start":{"line":77,"column":4},"end":{"line":77,"column":46}},"13":{"start":{"line":77,"column":40},"end":{"line":77,"column":46}},"14":{"start":{"line":78,"column":4},"end":{"line":78,"column":null}},"15":{"start":{"line":80,"column":18},"end":{"line":80,"column":44}},"16":{"start":{"line":81,"column":20},"end":{"line":81,"column":48}},"17":{"start":{"line":82,"column":4},"end":{"line":85,"column":5}},"18":{"start":{"line":83,"column":6},"end":{"line":83,"column":null}},"19":{"start":{"line":84,"column":6},"end":{"line":84,"column":12}},"20":{"start":{"line":87,"column":24},"end":{"line":87,"column":63}},"21":{"start":{"line":87,"column":40},"end":{"line":87,"column":62}},"22":{"start":{"line":88,"column":4},"end":{"line":91,"column":5}},"23":{"start":{"line":89,"column":6},"end":{"line":89,"column":null}},"24":{"start":{"line":90,"column":6},"end":{"line":90,"column":12}},"25":{"start":{"line":94,"column":4},"end":{"line":94,"column":null}},"26":{"start":{"line":95,"column":4},"end":{"line":95,"column":null}},"27":{"start":{"line":97,"column":4},"end":{"line":107,"column":5}},"28":{"start":{"line":98,"column":21},"end":{"line":98,"column":47}},"29":{"start":{"line":99,"column":6},"end":{"line":99,"column":null}},"30":{"start":{"line":100,"column":6},"end":{"line":100,"column":null}},"31":{"start":{"line":102,"column":6},"end":{"line":102,"column":null}},"32":{"start":{"line":103,"column":6},"end":{"line":106,"column":null}},"33":{"start":{"line":109,"column":4},"end":{"line":109,"column":null}},"34":{"start":{"line":110,"column":4},"end":{"line":110,"column":null}},"35":{"start":{"line":113,"column":4},"end":{"line":113,"column":null}},"36":{"start":{"line":120,"column":18},"end":{"line":120,"column":44}},"37":{"start":{"line":121,"column":4},"end":{"line":121,"column":null}},"38":{"start":{"line":121,"column":28},"end":{"line":121,"column":43}},"39":{"start":{"line":128,"column":18},"end":{"line":128,"column":50}},"40":{"start":{"line":129,"column":4},"end":{"line":134,"column":null}},"41":{"start":{"line":130,"column":33},"end":{"line":130,"column":55}},"42":{"start":{"line":131,"column":32},"end":{"line":131,"column":53}},"43":{"start":{"line":132,"column":35},"end":{"line":132,"column":59}},"44":{"start":{"line":133,"column":32},"end":{"line":133,"column":53}},"45":{"start":{"line":141,"column":18},"end":{"line":141,"column":44}},"46":{"start":{"line":142,"column":4},"end":{"line":145,"column":5}},"47":{"start":{"line":143,"column":22},"end":{"line":143,"column":88}},"48":{"start":{"line":143,"column":40},"end":{"line":143,"column":87}},"49":{"start":{"line":144,"column":6},"end":{"line":144,"column":null}},"50":{"start":{"line":152,"column":4},"end":{"line":152,"column":null}},"51":{"start":{"line":38,"column":0},"end":{"line":38,"column":13}}},"fnMap":{"0":{"name":"(anonymous_0)","decl":{"start":{"line":46,"column":2},"end":{"line":46,"column":17}},"loc":{"start":{"line":46,"column":57},"end":{"line":51,"column":3}}},"1":{"name":"(anonymous_1)","decl":{"start":{"line":56,"column":2},"end":{"line":56,"column":7}},"loc":{"start":{"line":56,"column":65},"end":{"line":71,"column":3}}},"2":{"name":"(anonymous_2)","decl":{"start":{"line":76,"column":10},"end":{"line":76,"column":15}},"loc":{"start":{"line":76,"column":46},"end":{"line":114,"column":3}}},"3":{"name":"(anonymous_3)","decl":{"start":{"line":87,"column":35},"end":{"line":87,"column":36}},"loc":{"start":{"line":87,"column":40},"end":{"line":87,"column":62}}},"4":{"name":"(anonymous_4)","decl":{"start":{"line":119,"column":2},"end":{"line":119,"column":15}},"loc":{"start":{"line":119,"column":49},"end":{"line":122,"column":3}}},"5":{"name":"(anonymous_5)","decl":{"start":{"line":121,"column":23},"end":{"line":121,"column":24}},"loc":{"start":{"line":121,"column":28},"end":{"line":121,"column":43}}},"6":{"name":"(anonymous_6)","decl":{"start":{"line":127,"column":2},"end":{"line":127,"column":15}},"loc":{"start":{"line":127,"column":33},"end":{"line":135,"column":3}}},"7":{"name":"(anonymous_7)","decl":{"start":{"line":130,"column":28},"end":{"line":130,"column":29}},"loc":{"start":{"line":130,"column":33},"end":{"line":130,"column":55}}},"8":{"name":"(anonymous_8)","decl":{"start":{"line":131,"column":27},"end":{"line":131,"column":28}},"loc":{"start":{"line":131,"column":32},"end":{"line":131,"column":53}}},"9":{"name":"(anonymous_9)","decl":{"start":{"line":132,"column":30},"end":{"line":132,"column":31}},"loc":{"start":{"line":132,"column":35},"end":{"line":132,"column":59}}},"10":{"name":"(anonymous_10)","decl":{"start":{"line":133,"column":27},"end":{"line":133,"column":28}},"loc":{"start":{"line":133,"column":32},"end":{"line":133,"column":53}}},"11":{"name":"(anonymous_11)","decl":{"start":{"line":140,"column":2},"end":{"line":140,"column":16}},"loc":{"start":{"line":140,"column":34},"end":{"line":146,"column":3}}},"12":{"name":"(anonymous_12)","decl":{"start":{"line":143,"column":35},"end":{"line":143,"column":36}},"loc":{"start":{"line":143,"column":40},"end":{"line":143,"column":87}}},"13":{"name":"(anonymous_13)","decl":{"start":{"line":151,"column":2},"end":{"line":151,"column":15}},"loc":{"start":{"line":151,"column":15},"end":{"line":153,"column":3}}}},"branchMap":{"0":{"loc":{"start":{"line":48,"column":4},"end":{"line":50,"column":5}},"type":"if","locations":[{"start":{"line":48,"column":4},"end":{"line":50,"column":5}},{"start":{},"end":{}}]},"1":{"loc":{"start":{"line":57,"column":18},"end":{"line":57,"column":50}},"type":"binary-expr","locations":[{"start":{"line":57,"column":18},"end":{"line":57,"column":44}},{"start":{"line":57,"column":48},"end":{"line":57,"column":50}}]},"2":{"loc":{"start":{"line":77,"column":4},"end":{"line":77,"column":46}},"type":"if","locations":[{"start":{"line":77,"column":4},"end":{"line":77,"column":46}},{"start":{},"end":{}}]},"3":{"loc":{"start":{"line":82,"column":4},"end":{"line":85,"column":5}},"type":"if","locations":[{"start":{"line":82,"column":4},"end":{"line":85,"column":5}},{"start":{},"end":{}}]},"4":{"loc":{"start":{"line":82,"column":8},"end":{"line":82,"column":26}},"type":"binary-expr","locations":[{"start":{"line":82,"column":8},"end":{"line":82,"column":14}},{"start":{"line":82,"column":18},"end":{"line":82,"column":26}}]},"5":{"loc":{"start":{"line":88,"column":4},"end":{"line":91,"column":5}},"type":"if","locations":[{"start":{"line":88,"column":4},"end":{"line":91,"column":5}},{"start":{},"end":{}}]},"6":{"loc":{"start":{"line":99,"column":27},"end":{"line":99,"column":66}},"type":"cond-expr","locations":[{"start":{"line":99,"column":44},"end":{"line":99,"column":55}},{"start":{"line":99,"column":58},"end":{"line":99,"column":66}}]},"7":{"loc":{"start":{"line":105,"column":15},"end":{"line":105,"column":71}},"type":"cond-expr","locations":[{"start":{"line":105,"column":40},"end":{"line":105,"column":53}},{"start":{"line":105,"column":56},"end":{"line":105,"column":71}}]},"8":{"loc":{"start":{"line":128,"column":18},"end":{"line":128,"column":50}},"type":"binary-expr","locations":[{"start":{"line":128,"column":18},"end":{"line":128,"column":44}},{"start":{"line":128,"column":48},"end":{"line":128,"column":50}}]},"9":{"loc":{"start":{"line":142,"column":4},"end":{"line":145,"column":5}},"type":"if","locations":[{"start":{"line":142,"column":4},"end":{"line":145,"column":5}},{"start":{},"end":{}}]},"10":{"loc":{"start":{"line":143,"column":40},"end":{"line":143,"column":87}},"type":"binary-expr","locations":[{"start":{"line":143,"column":40},"end":{"line":143,"column":62}},{"start":{"line":143,"column":66},"end":{"line":143,"column":87}}]}},"s":{"0":10,"1":10,"2":10,"3":10,"4":10,"5":10,"6":5,"7":5,"8":5,"9":5,"10":5,"11":5,"12":10,"13":0,"14":10,"15":10,"16":10,"17":10,"18":0,"19":0,"20":10,"21":10,"22":10,"23":5,"24":5,"25":5,"26":5,"27":5,"28":5,"29":5,"30":5,"31":0,"32":0,"33":5,"34":5,"35":5,"36":1,"37":1,"38":1,"39":2,"40":2,"41":1,"42":1,"43":1,"44":1,"45":1,"46":1,"47":1,"48":1,"49":1,"50":1,"51":1},"f":{"0":10,"1":5,"2":10,"3":10,"4":1,"5":1,"6":2,"7":1,"8":1,"9":1,"10":1,"11":1,"12":1,"13":1},"b":{"0":[10,0],"1":[5,0],"2":[0,10],"3":[0,10],"4":[10,10],"5":[5,5],"6":[5,0],"7":[0,0],"8":[2,0],"9":[1,0],"10":[1,1]}}
,"F:\\ai-test-platform\\ai-test-platform\\src\\lib\\ai\\queue\\task-scheduler.ts": {"path":"F:\\ai-test-platform\\ai-test-platform\\src\\lib\\ai\\queue\\task-scheduler.ts","statementMap":{"0":{"start":{"line":23,"column":55},"end":{"line":23,"column":64}},"1":{"start":{"line":24,"column":48},"end":{"line":24,"column":57}},"2":{"start":{"line":27,"column":4},"end":{"line":27,"column":null}},"3":{"start":{"line":34,"column":4},"end":{"line":34,"column":null}},"4":{"start":{"line":41,"column":15},"end":{"line":41,"column":83}},"5":{"start":{"line":43,"column":41},"end":{"line":51,"column":null}},"6":{"start":{"line":53,"column":4},"end":{"line":53,"column":null}},"7":{"start":{"line":56,"column":18},"end":{"line":61,"column":15}},"8":{"start":{"line":57,"column":6},"end":{"line":57,"column":null}},"9":{"start":{"line":58,"column":6},"end":{"line":58,"column":null}},"10":{"start":{"line":59,"column":6},"end":{"line":59,"column":null}},"11":{"start":{"line":60,"column":6},"end":{"line":60,"column":null}},"12":{"start":{"line":63,"column":4},"end":{"line":63,"column":null}},"13":{"start":{"line":64,"column":4},"end":{"line":64,"column":null}},"14":{"start":{"line":71,"column":18},"end":{"line":71,"column":41}},"15":{"start":{"line":72,"column":4},"end":{"line":75,"column":5}},"16":{"start":{"line":73,"column":6},"end":{"line":73,"column":null}},"17":{"start":{"line":74,"column":6},"end":{"line":74,"column":null}},"18":{"start":{"line":76,"column":4},"end":{"line":76,"column":null}},"19":{"start":{"line":83,"column":4},"end":{"line":83,"column":null}},"20":{"start":{"line":90,"column":4},"end":{"line":90,"column":null}},"21":{"start":{"line":97,"column":4},"end":{"line":106,"column":5}},"22":{"start":{"line":98,"column":6},"end":{"line":105,"column":7}},"23":{"start":{"line":99,"column":8},"end":{"line":99,"column":null}},"24":{"start":{"line":100,"column":22},"end":{"line":100,"column":41}},"25":{"start":{"line":101,"column":8},"end":{"line":104,"column":9}},"26":{"start":{"line":102,"column":10},"end":{"line":102,"column":null}},"27":{"start":{"line":103,"column":10},"end":{"line":103,"column":null}},"28":{"start":{"line":113,"column":4},"end":{"line":115,"column":5}},"29":{"start":{"line":114,"column":6},"end":{"line":114,"column":null}},"30":{"start":{"line":116,"column":4},"end":{"line":116,"column":null}},"31":{"start":{"line":117,"column":4},"end":{"line":117,"column":null}},"32":{"start":{"line":21,"column":0},"end":{"line":21,"column":13}}},"fnMap":{"0":{"name":"(anonymous_0)","decl":{"start":{"line":26,"column":2},"end":{"line":26,"column":14}},"loc":{"start":{"line":26,"column":40},"end":{"line":28,"column":3}}},"1":{"name":"(anonymous_1)","decl":{"start":{"line":33,"column":2},"end":{"line":33,"column":7}},"loc":{"start":{"line":33,"column":68},"end":{"line":35,"column":3}}},"2":{"name":"(anonymous_2)","decl":{"start":{"line":40,"column":2},"end":{"line":40,"column":17}},"loc":{"start":{"line":40,"column":84},"end":{"line":65,"column":3}}},"3":{"name":"(anonymous_3)","decl":{"start":{"line":56,"column":29},"end":{"line":56,"column":34}},"loc":{"start":{"line":56,"column":40},"end":{"line":61,"column":5}}},"4":{"name":"(anonymous_4)","decl":{"start":{"line":70,"column":2},"end":{"line":70,"column":17}},"loc":{"start":{"line":70,"column":32},"end":{"line":77,"column":3}}},"5":{"name":"(anonymous_5)","decl":{"start":{"line":82,"column":2},"end":{"line":82,"column":18}},"loc":{"start":{"line":82,"column":33},"end":{"line":84,"column":3}}},"6":{"name":"(anonymous_6)","decl":{"start":{"line":89,"column":2},"end":{"line":89,"column":22}},"loc":{"start":{"line":89,"column":22},"end":{"line":91,"column":3}}},"7":{"name":"(anonymous_7)","decl":{"start":{"line":96,"column":2},"end":{"line":96,"column":9}},"loc":{"start":{"line":96,"column":9},"end":{"line":107,"column":3}}},"8":{"name":"(anonymous_8)","decl":{"start":{"line":112,"column":2},"end":{"line":112,"column":9}},"loc":{"start":{"line":112,"column":9},"end":{"line":118,"column":3}}}},"branchMap":{"0":{"loc":{"start":{"line":72,"column":4},"end":{"line":75,"column":5}},"type":"if","locations":[{"start":{"line":72,"column":4},"end":{"line":75,"column":5}},{"start":{},"end":{}}]},"1":{"loc":{"start":{"line":98,"column":6},"end":{"line":105,"column":7}},"type":"if","locations":[{"start":{"line":98,"column":6},"end":{"line":105,"column":7}},{"start":{},"end":{}}]},"2":{"loc":{"start":{"line":98,"column":10},"end":{"line":98,"column":55}},"type":"binary-expr","locations":[{"start":{"line":98,"column":10},"end":{"line":98,"column":22}},{"start":{"line":98,"column":26},"end":{"line":98,"column":55}}]},"3":{"loc":{"start":{"line":101,"column":8},"end":{"line":104,"column":9}},"type":"if","locations":[{"start":{"line":101,"column":8},"end":{"line":104,"column":9}},{"start":{},"end":{}}]}},"s":{"0":5,"1":5,"2":5,"3":1,"4":6,"5":6,"6":6,"7":6,"8":0,"9":0,"10":0,"11":0,"12":6,"13":6,"14":2,"15":2,"16":2,"17":2,"18":2,"19":2,"20":2,"21":1,"22":1,"23":0,"24":0,"25":0,"26":0,"27":0,"28":5,"29":4,"30":5,"31":5,"32":1},"f":{"0":5,"1":1,"2":6,"3":0,"4":2,"5":2,"6":2,"7":1,"8":5},"b":{"0":[2,0],"1":[0,1],"2":[1,1],"3":[0,0]}}
}
