TN:
SF:src\lib\ai\mcp\mcp-client.ts
FN:10,(anonymous_0)
FN:22,(anonymous_1)
FN:24,(anonymous_2)
FN:28,(anonymous_3)
FN:37,(anonymous_4)
FN:42,(anonymous_5)
FN:62,(anonymous_6)
FN:72,(anonymous_7)
FN:82,(anonymous_8)
FN:93,(anonymous_9)
FN:107,(anonymous_10)
FN:121,(anonymous_11)
FN:128,(anonymous_12)
FNF:13
FNH:11
FNDA:1,(anonymous_0)
FNDA:4,(anonymous_1)
FNDA:6,(anonymous_2)
FNDA:1,(anonymous_3)
FNDA:5,(anonymous_4)
FNDA:4,(anonymous_5)
FNDA:1,(anonymous_6)
FNDA:7,(anonymous_7)
FNDA:2,(anonymous_8)
FNDA:1,(anonymous_9)
FNDA:0,(anonymous_10)
FNDA:0,(anonymous_11)
FNDA:3,(anonymous_12)
DA:9,1
DA:10,1
DA:11,1
DA:12,1
DA:21,1
DA:22,4
DA:25,6
DA:33,1
DA:37,5
DA:43,4
DA:44,4
DA:45,0
DA:47,0
DA:49,0
DA:53,4
DA:54,4
DA:55,4
DA:63,1
DA:64,1
DA:65,1
DA:73,7
DA:74,1
DA:76,6
DA:83,2
DA:84,1
DA:85,0
DA:87,1
DA:94,1
DA:98,1
DA:99,0
DA:101,1
DA:108,0
DA:112,0
DA:113,0
DA:115,0
DA:122,0
DA:129,3
LF:37
LH:27
BRDA:43,0,0,4
BRDA:43,0,1,0
BRDA:45,1,0,0
BRDA:45,1,1,0
BRDA:54,2,0,4
BRDA:54,2,1,0
BRDA:63,3,0,1
BRDA:63,3,1,0
BRDA:73,4,0,1
BRDA:73,4,1,6
BRDA:84,5,0,0
BRDA:84,5,1,1
BRDA:85,6,0,0
BRDA:85,6,1,0
BRDA:98,7,0,0
BRDA:98,7,1,1
BRDA:99,8,0,0
BRDA:99,8,1,0
BRDA:112,9,0,0
BRDA:112,9,1,0
BRDA:113,10,0,0
BRDA:113,10,1,0
BRF:22
BRH:7
end_of_record
TN:
SF:src\lib\ai\mcp\mcp-server.ts
FN:39,(anonymous_0)
FN:46,(anonymous_1)
FN:53,(anonymous_2)
FN:60,(anonymous_3)
FN:67,(anonymous_4)
FN:74,(anonymous_5)
FN:86,(anonymous_6)
FN:106,(anonymous_7)
FN:137,(anonymous_8)
FNF:9
FNH:9
FNDA:6,(anonymous_0)
FNDA:1,(anonymous_1)
FNDA:5,(anonymous_2)
FNDA:3,(anonymous_3)
FNDA:2,(anonymous_4)
FNDA:12,(anonymous_5)
FNDA:2,(anonymous_6)
FNDA:1,(anonymous_7)
FNDA:5,(anonymous_8)
DA:32,1
DA:33,15
DA:34,15
DA:40,6
DA:47,1
DA:54,5
DA:61,3
DA:68,2
DA:75,12
DA:76,12
DA:78,4
DA:84,2
DA:86,2
DA:94,3
DA:95,3
DA:96,3
DA:97,1
DA:99,2
DA:100,2
DA:104,1
DA:106,1
DA:114,1
DA:115,1
DA:116,1
DA:117,0
DA:119,1
DA:120,1
DA:124,1
DA:127,0
DA:138,5
LF:30
LH:28
BRDA:76,0,0,4
BRDA:76,0,1,2
BRDA:76,0,2,3
BRDA:76,0,3,1
BRDA:76,0,4,1
BRDA:76,0,5,1
BRDA:94,1,0,3
BRDA:94,1,1,0
BRDA:96,2,0,1
BRDA:96,2,1,2
BRDA:114,3,0,1
BRDA:114,3,1,0
BRDA:116,4,0,0
BRDA:116,4,1,1
BRDA:129,5,0,0
BRDA:129,5,1,0
BRF:16
BRH:11
end_of_record
TN:
SF:src\lib\ai\mcp\tools\browser-tool.ts
FN:16,(anonymous_0)
FN:20,(anonymous_1)
FN:31,(anonymous_2)
FN:41,(anonymous_3)
FN:51,(anonymous_4)
FN:61,(anonymous_5)
FN:77,(anonymous_6)
FN:85,(anonymous_7)
FN:93,(anonymous_8)
FN:103,(anonymous_9)
FNF:10
FNH:9
FNDA:9,(anonymous_0)
FNDA:8,(anonymous_1)
FNDA:2,(anonymous_2)
FNDA:1,(anonymous_3)
FNDA:1,(anonymous_4)
FNDA:1,(anonymous_5)
FNDA:2,(anonymous_6)
FNDA:0,(anonymous_7)
FNDA:10,(anonymous_8)
FNDA:1,(anonymous_9)
DA:1,1
DA:10,1
DA:11,9
DA:12,9
DA:13,9
DA:17,9
DA:21,8
DA:22,8
DA:23,8
DA:24,8
DA:25,8
DA:27,0
DA:32,2
DA:33,1
DA:34,1
DA:35,1
DA:37,0
DA:42,1
DA:43,1
DA:44,1
DA:45,1
DA:47,0
DA:52,1
DA:53,1
DA:54,1
DA:55,1
DA:57,0
DA:62,1
DA:63,1
DA:65,1
DA:66,0
DA:68,1
DA:70,1
DA:71,1
DA:73,0
DA:78,2
DA:79,2
DA:80,2
DA:82,2
DA:83,1
DA:85,1
DA:87,2
DA:89,0
DA:94,10
DA:95,10
DA:96,10
DA:97,10
DA:99,0
DA:103,1
LF:49
LH:41
BRDA:16,0,0,0
BRDA:27,1,0,0
BRDA:27,1,1,0
BRDA:32,2,0,1
BRDA:32,2,1,1
BRDA:34,3,0,1
BRDA:34,3,1,1
BRDA:37,4,0,0
BRDA:37,4,1,0
BRDA:42,5,0,0
BRDA:42,5,1,1
BRDA:44,6,0,1
BRDA:44,6,1,1
BRDA:47,7,0,0
BRDA:47,7,1,0
BRDA:52,8,0,0
BRDA:52,8,1,1
BRDA:54,9,0,1
BRDA:54,9,1,1
BRDA:57,10,0,0
BRDA:57,10,1,0
BRDA:62,11,0,0
BRDA:62,11,1,1
BRDA:65,12,0,0
BRDA:65,12,1,1
BRDA:73,13,0,0
BRDA:73,13,1,0
BRDA:78,14,0,0
BRDA:78,14,1,2
BRDA:80,15,0,2
BRDA:80,15,1,1
BRDA:82,16,0,1
BRDA:82,16,1,1
BRDA:89,17,0,0
BRDA:89,17,1,0
BRDA:95,18,0,8
BRDA:95,18,1,2
BRDA:99,19,0,0
BRDA:99,19,1,0
BRDA:103,20,0,1
BRDA:103,20,1,1
BRF:41
BRH:21
end_of_record
TN:
SF:src\lib\ai\queue\queue-service.ts
FN:46,(anonymous_0)
FN:56,(anonymous_1)
FN:76,(anonymous_2)
FN:87,(anonymous_3)
FN:119,(anonymous_4)
FN:121,(anonymous_5)
FN:127,(anonymous_6)
FN:130,(anonymous_7)
FN:131,(anonymous_8)
FN:132,(anonymous_9)
FN:133,(anonymous_10)
FN:140,(anonymous_11)
FN:143,(anonymous_12)
FN:151,(anonymous_13)
FNF:14
FNH:14
FNDA:10,(anonymous_0)
FNDA:5,(anonymous_1)
FNDA:10,(anonymous_2)
FNDA:10,(anonymous_3)
FNDA:1,(anonymous_4)
FNDA:1,(anonymous_5)
FNDA:2,(anonymous_6)
FNDA:1,(anonymous_7)
FNDA:1,(anonymous_8)
FNDA:1,(anonymous_9)
FNDA:1,(anonymous_10)
FNDA:1,(anonymous_11)
FNDA:1,(anonymous_12)
FNDA:1,(anonymous_13)
DA:38,1
DA:39,10
DA:40,10
DA:41,10
DA:47,10
DA:48,10
DA:49,10
DA:57,5
DA:58,5
DA:64,5
DA:65,5
DA:68,5
DA:70,5
DA:77,10
DA:78,10
DA:80,10
DA:81,10
DA:82,10
DA:83,0
DA:84,0
DA:87,10
DA:88,10
DA:89,5
DA:90,5
DA:94,5
DA:95,5
DA:97,5
DA:98,5
DA:99,5
DA:100,5
DA:102,0
DA:103,0
DA:109,5
DA:110,5
DA:113,5
DA:120,1
DA:121,1
DA:128,2
DA:129,2
DA:130,1
DA:131,1
DA:132,1
DA:133,1
DA:141,1
DA:142,1
DA:143,1
DA:144,1
DA:152,1
LF:48
LH:44
BRDA:48,0,0,10
BRDA:48,0,1,0
BRDA:57,1,0,5
BRDA:57,1,1,0
BRDA:77,2,0,0
BRDA:77,2,1,10
BRDA:82,3,0,0
BRDA:82,3,1,10
BRDA:82,4,0,10
BRDA:82,4,1,10
BRDA:88,5,0,5
BRDA:88,5,1,5
BRDA:99,6,0,5
BRDA:99,6,1,0
BRDA:105,7,0,0
BRDA:105,7,1,0
BRDA:128,8,0,2
BRDA:128,8,1,0
BRDA:142,9,0,1
BRDA:142,9,1,0
BRDA:143,10,0,1
BRDA:143,10,1,1
BRF:22
BRH:13
end_of_record
TN:
SF:src\lib\ai\queue\task-scheduler.ts
FN:26,(anonymous_0)
FN:33,(anonymous_1)
FN:40,(anonymous_2)
FN:56,(anonymous_3)
FN:70,(anonymous_4)
FN:82,(anonymous_5)
FN:89,(anonymous_6)
FN:96,(anonymous_7)
FN:112,(anonymous_8)
FNF:9
FNH:8
FNDA:5,(anonymous_0)
FNDA:1,(anonymous_1)
FNDA:6,(anonymous_2)
FNDA:0,(anonymous_3)
FNDA:2,(anonymous_4)
FNDA:2,(anonymous_5)
FNDA:2,(anonymous_6)
FNDA:1,(anonymous_7)
FNDA:5,(anonymous_8)
DA:21,1
DA:23,5
DA:24,5
DA:27,5
DA:34,1
DA:41,6
DA:43,6
DA:53,6
DA:56,6
DA:57,0
DA:58,0
DA:59,0
DA:60,0
DA:63,6
DA:64,6
DA:71,2
DA:72,2
DA:73,2
DA:74,2
DA:76,2
DA:83,2
DA:90,2
DA:97,1
DA:98,1
DA:99,0
DA:100,0
DA:101,0
DA:102,0
DA:103,0
DA:113,5
DA:114,4
DA:116,5
DA:117,5
LF:33
LH:24
BRDA:72,0,0,2
BRDA:72,0,1,0
BRDA:98,1,0,0
BRDA:98,1,1,1
BRDA:98,2,0,1
BRDA:98,2,1,1
BRDA:101,3,0,0
BRDA:101,3,1,0
BRF:8
BRH:4
end_of_record
